Start testing: Jan 06 19:00 EST
----------------------------------------------------------
1/1 Testing: main_test
1/1 Test: main_test
Command: "/home/sung/Documents/practice/cmake_x/build/main"
Directory: /home/sung/Documents/practice/cmake_x/build
"main_test" start time: Jan 06 19:00 EST
Output:
----------------------------------------------------------
hello world
[==========] Running 3 tests from 3 test cases.
[----------] Global test environment set-up.
[----------] 1 test from todoTestCase
[ RUN      ] todoTestCase.constructor_test
Todo created
[       OK ] todoTestCase.constructor_test (0 ms)
[----------] 1 test from todoTestCase (0 ms total)

[----------] 1 test from todoTestCase2
[ RUN      ] todoTestCase2.doThis_test
Todo created
do this
[       OK ] todoTestCase2.doThis_test (0 ms)
[----------] 1 test from todoTestCase2 (0 ms total)

[----------] 1 test from mockTodoTestCase
[ RUN      ] mockTodoTestCase.doThis_test
Todo created
MockTodo created
[       OK ] mockTodoTestCase.doThis_test (0 ms)
[----------] 1 test from mockTodoTestCase (0 ms total)

[----------] Global test environment tear-down
[==========] 3 tests from 3 test cases ran. (0 ms total)
[  PASSED  ] 3 tests.
<end of output>
Test time =   0.02 sec
----------------------------------------------------------
Test Passed.
"main_test" end time: Jan 06 19:00 EST
"main_test" time elapsed: 00:00:00
----------------------------------------------------------

End testing: Jan 06 19:00 EST
